<?xml version="1.0" encoding="UTF-8"?>
<!-- Generated by org.testng.reporters.JUnitReportReporter -->
<testsuite skipped="0" hostname="Akshay30" name="itsproject.Booking23" tests="1" failures="0" timestamp="2022-03-23T20:08:36 IST" time="51.534" errors="0">
  <testcase name="f" time="51.534" classname="itsproject.Booking23"/>
  <system-out/>
</testsuite> <!-- itsproject.Booking23 -->
